<?xml version="1.0" encoding="UTF-8"?>
<!-- Generated by org.testng.reporters.JUnitXMLReporter -->
<testsuite ignored="0" hostname="DESKTOP-2E6LUD2" failures="1" tests="1" name="Test" time="17.808" errors="0" timestamp="2024-09-05T13:45:07 IST">
  <testcase classname="TestCases.TC_001_Verify_Logo" name="verifyLogo" time="0.307">
    <failure type="java.lang.AssertionError" message="null">
      <![CDATA[java.lang.AssertionError: null
at TestCases.TC_001_Verify_Logo.verifyLogo(TC_001_Verify_Logo.java:23)
at java.base/java.util.ArrayList.forEach(ArrayList.java:1507)
... Removed 29 stack frames]]>
    </failure>
  </testcase> <!-- verifyLogo -->
</testsuite> <!-- Test -->
