<?xml version="1.0" encoding="UTF-8"?>
<!-- Generated by org.testng.reporters.JUnitXMLReporter -->
<testsuite ignored="0" hostname="DESKTOP-2E6LUD2" failures="2" tests="7" name="Master" time="93.976" errors="0" timestamp="2025-05-02T13:14:34 IST">
  <testcase classname="TestCases.TC_001_Verify_Logo" name="verifyLogo" time="0.285">
    <failure type="java.lang.AssertionError" message="null">
      <![CDATA[java.lang.AssertionError: null
at TestCases.TC_001_Verify_Logo.verifyLogo(TC_001_Verify_Logo.java:23)
at java.base/java.util.ArrayList.forEach(ArrayList.java:1507)
... Removed 29 stack frames]]>
    </failure>
  </testcase> <!-- verifyLogo -->
  <testcase classname="TestCases.TC_002_Registration_of_new_user" name="Registration_of_new_user" time="6.689"/>
  <testcase classname="TestCases.TC_003_User_login_with_valid_credentials" name="User_login_with_valid_credentials" time="2.048"/>
  <testcase classname="TestCases.TC_004_Verify_login_failure_with_empty_username" name="Verify_login_failure_with_empty_username" time="2.331"/>
  <testcase classname="TestCases.TC_005_Verify_login_failure_with_incorrect_password" name="Verify_login_failure_with_incorrect_password" time="4.018">
    <failure type="java.lang.AssertionError" message="Verify_login_failure_with_incorrect_password is Failed expected [true] but found [false]">
      <![CDATA[java.lang.AssertionError: Verify_login_failure_with_incorrect_password is Failed expected [true] but found [false]
at TestCases.TC_005_Verify_login_failure_with_incorrect_password.Verify_login_failure_with_incorrect_password(TC_005_Verify_login_failure_with_incorrect_password.java:43)
at java.base/java.util.ArrayList.forEach(ArrayList.java:1507)
... Removed 30 stack frames]]>
    </failure>
  </testcase> <!-- Verify_login_failure_with_incorrect_password -->
  <testcase classname="TestCases.TC_006_Verify_account_balance_display_after_login" name="Verify_account_balance_display_after_login" time="3.787"/>
  <testcase classname="TestCases.TC_007_Verify_successful_logout" name="Verify_successful_logout" time="4.01"/>
</testsuite> <!-- Master -->
