<?xml version="1.0" encoding="UTF-8"?>
<!-- Generated by org.testng.reporters.JUnitReportReporter -->
<testsuite hostname="DESKTOP-2E6LUD2" failures="0" tests="1" name="TestCases.TC_003_User_login_with_valid_credentials" time="18.870" errors="0" timestamp="2025-05-02T13:34:58 IST" skipped="0">
  <testcase classname="TestCases.TC_003_User_login_with_valid_credentials" name="User_login_with_valid_credentials" time="18.870"/>
  <system-out/>
</testsuite> <!-- TestCases.TC_003_User_login_with_valid_credentials -->
