<?xml version="1.0" encoding="UTF-8"?>
<!-- Generated by org.testng.reporters.JUnitReportReporter -->
<testsuite hostname="DESKTOP-2E6LUD2" failures="0" tests="1" name="TestCases.TC_006_Verify_account_balance_display_after_login" time="5.760" errors="0" timestamp="2025-05-02T13:34:58 IST" skipped="0">
  <testcase classname="TestCases.TC_006_Verify_account_balance_display_after_login" name="Verify_account_balance_display_after_login" time="5.760"/>
  <system-out/>
</testsuite> <!-- TestCases.TC_006_Verify_account_balance_display_after_login -->
